<?xml version="1.0" encoding="UTF-8"?>
<testsuite name="TestSuite" time="13.566" tests="2" errors="0" skipped="0" failures="0">
  <properties>
    <property name="java.runtime.name" value="Java(TM) SE Runtime Environment"/>
    <property name="sun.boot.library.path" value="C:\Program Files\Java\jdk1.8.0_191\jre\bin"/>
    <property name="java.vm.version" value="25.191-b12"/>
    <property name="java.vm.vendor" value="Oracle Corporation"/>
    <property name="maven.multiModuleProjectDirectory" value="C:\Users\KOKU-NIPUNI\eclipse-workspace\Automate"/>
    <property name="java.vendor.url" value="http://java.oracle.com/"/>
    <property name="path.separator" value=";"/>
    <property name="guice.disable.misplaced.annotation.check" value="true"/>
    <property name="java.vm.name" value="Java HotSpot(TM) 64-Bit Server VM"/>
    <property name="file.encoding.pkg" value="sun.io"/>
    <property name="user.script" value=""/>
    <property name="user.country" value="SG"/>
    <property name="sun.java.launcher" value="SUN_STANDARD"/>
    <property name="sun.os.patch.level" value=""/>
    <property name="java.vm.specification.name" value="Java Virtual Machine Specification"/>
    <property name="user.dir" value="C:\Users\KOKU-NIPUNI\eclipse-workspace\Automate"/>
    <property name="java.runtime.version" value="1.8.0_191-b12"/>
    <property name="java.awt.graphicsenv" value="sun.awt.Win32GraphicsEnvironment"/>
    <property name="java.endorsed.dirs" value="C:\Program Files\Java\jdk1.8.0_191\jre\lib\endorsed"/>
    <property name="os.arch" value="amd64"/>
    <property name="java.io.tmpdir" value="C:\Users\KOKU-N~1\AppData\Local\Temp\"/>
    <property name="line.separator" value="&#10;"/>
    <property name="java.vm.specification.vendor" value="Oracle Corporation"/>
    <property name="user.variant" value=""/>
    <property name="os.name" value="Windows 10"/>
    <property name="classworlds.conf" value="C:\Users\KOKU-NIPUNI\eclipse-workspace\.metadata\.plugins\org.eclipse.m2e.launching\launches\m2conf8857756120368117035.tmp"/>
    <property name="sun.jnu.encoding" value="Cp1252"/>
    <property name="java.library.path" value="C:\Program Files\Java\jdk1.8.0_191\jre\bin;C:\WINDOWS\Sun\Java\bin;C:\WINDOWS\system32;C:\WINDOWS;C:/Program Files/Java/jre1.8.0_211/bin/server;C:/Program Files/Java/jre1.8.0_211/bin;C:/Program Files/Java/jre1.8.0_211/lib/amd64;C:\Program Files (x86)\Common Files\Oracle\Java\javapath;C:\Program Files (x86)\Intel\Intel(R) Management Engine Components\iCLS\;C:\Program Files\Intel\Intel(R) Management Engine Components\iCLS\;C:\WINDOWS\system32;C:\WINDOWS;C:\WINDOWS\System32\Wbem;C:\WINDOWS\System32\WindowsPowerShell\v1.0\;C:\Program Files (x86)\Intel\Intel(R) Management Engine Components\DAL;C:\Program Files\Intel\Intel(R) Management Engine Components\DAL;C:\Program Files (x86)\Intel\Intel(R) Management Engine Components\IPT;C:\Program Files\Intel\Intel(R) Management Engine Components\IPT;C:\WINDOWS\System32\OpenSSH\;C:\Program Files\Java\jdk1.8.0_191\bin;C:\Program Files\Java\jre1.8.0_191\bin\;C:\Program Files (x86)\Microsoft SQL Server\Client SDK\ODBC\130\Tools\Binn\;C:\Program Files (x86)\Microsoft SQL Server\140\Tools\Binn\;C:\Program Files (x86)\Microsoft SQL Server\140\DTS\Binn\;C:\Program Files (x86)\Microsoft SQL Server\140\Tools\Binn\ManagementStudio\;C:\Program Files\Git\cmd;C:\Program Files\TortoiseGit\bin;C:\Users\KOKU-NIPUNI\AppData\Local\Microsoft\WindowsApps;;C:\Users\KOKU-NIPUNI\Desktop;;."/>
    <property name="java.specification.name" value="Java Platform API Specification"/>
    <property name="java.class.version" value="52.0"/>
    <property name="sun.management.compiler" value="HotSpot 64-Bit Tiered Compilers"/>
    <property name="os.version" value="10.0"/>
    <property name="user.home" value="C:\Users\KOKU-NIPUNI"/>
    <property name="user.timezone" value="Asia/Colombo"/>
    <property name="java.awt.printerjob" value="sun.awt.windows.WPrinterJob"/>
    <property name="java.specification.version" value="1.8"/>
    <property name="file.encoding" value="Cp1252"/>
    <property name="user.name" value="KOKU-NIPUNI"/>
    <property name="java.class.path" value="/C:/Users/KOKU-NIPUNI/.p2/pool/plugins/org.eclipse.m2e.maven.runtime_1.6.2.20150902-0001/jars/plexus-classworlds-2.5.2.jar"/>
    <property name="java.vm.specification.version" value="1.8"/>
    <property name="sun.arch.data.model" value="64"/>
    <property name="java.home" value="C:\Program Files\Java\jdk1.8.0_191\jre"/>
    <property name="sun.java.command" value="org.codehaus.plexus.classworlds.launcher.Launcher -B test"/>
    <property name="java.specification.vendor" value="Oracle Corporation"/>
    <property name="user.language" value="en"/>
    <property name="awt.toolkit" value="sun.awt.windows.WToolkit"/>
    <property name="java.vm.info" value="mixed mode"/>
    <property name="java.version" value="1.8.0_191"/>
    <property name="java.ext.dirs" value="C:\Program Files\Java\jdk1.8.0_191\jre\lib\ext;C:\WINDOWS\Sun\Java\lib\ext"/>
    <property name="sun.boot.class.path" value="C:\Program Files\Java\jdk1.8.0_191\jre\lib\resources.jar;C:\Program Files\Java\jdk1.8.0_191\jre\lib\rt.jar;C:\Program Files\Java\jdk1.8.0_191\jre\lib\sunrsasign.jar;C:\Program Files\Java\jdk1.8.0_191\jre\lib\jsse.jar;C:\Program Files\Java\jdk1.8.0_191\jre\lib\jce.jar;C:\Program Files\Java\jdk1.8.0_191\jre\lib\charsets.jar;C:\Program Files\Java\jdk1.8.0_191\jre\lib\jfr.jar;C:\Program Files\Java\jdk1.8.0_191\jre\classes"/>
    <property name="java.vendor" value="Oracle Corporation"/>
    <property name="maven.home" value="C:\Users\KOKU-NIPUNI\eclipse-workspace\Automate\EMBEDDED"/>
    <property name="file.separator" value="\"/>
    <property name="java.vendor.url.bug" value="http://bugreport.sun.com/bugreport/"/>
    <property name="sun.cpu.endian" value="little"/>
    <property name="sun.io.unicode.encoding" value="UnicodeLittle"/>
    <property name="sun.desktop" value="windows"/>
    <property name="sun.cpu.isalist" value="amd64"/>
  </properties>
  <testcase name="LoginPageTestCases" classname="PageTestCases.LoginPage_TestCases" time="9.162"/>
  <testcase name="HomePage_TestCases" classname="PageTestCases.HomePageTestCases" time="4.404"/>
</testsuite>