<?xml version="1.0" encoding="UTF-8"?>
<!-- Generated by org.testng.reporters.JUnitReportReporter -->
<testsuite hostname="DESKTOP-DVEOUHU" name="PageTestCases.HomePageTestCases" tests="1" failures="0" timestamp="21 Jun 2019 12:31:36 GMT" time="5.707" errors="0">
  <testcase name="HomePage_TestCases" time="5.707" classname="PageTestCases.HomePageTestCases"/>
</testsuite> <!-- PageTestCases.HomePageTestCases -->
