<?xml version="1.0" encoding="UTF-8"?>
<!-- Generated by org.testng.reporters.JUnitReportReporter -->
<testsuite hostname="DESKTOP-DVEOUHU" name="PageTestCases.HomePageTestCases" tests="1" failures="0" timestamp="13 Jun 2019 06:24:14 GMT" time="7.967" errors="0">
  <testcase name="HomePage_TestCases" time="7.967" classname="PageTestCases.HomePageTestCases"/>
</testsuite> <!-- PageTestCases.HomePageTestCases -->
