<?xml version="1.0" encoding="UTF-8"?>
<!-- Generated by org.testng.reporters.JUnitReportReporter -->
<testsuite hostname="DESKTOP-DVEOUHU" name="PageTestCases.HomePageTestCases" tests="1" failures="0" timestamp="17 Jun 2019 05:43:26 GMT" time="4.426" errors="0">
  <testcase name="HomePage_TestCases" time="4.426" classname="PageTestCases.HomePageTestCases"/>
</testsuite> <!-- PageTestCases.HomePageTestCases -->
