<?xml version="1.0" encoding="UTF-8"?>
<!-- Generated by org.testng.reporters.JUnitReportReporter -->
<testsuite hostname="DESKTOP-DVEOUHU" name="PageTestCases.LoginPage_TestCases" tests="1" failures="0" timestamp="13 Jun 2019 06:24:14 GMT" time="13.479" errors="0">
  <testcase name="LoginPageTestCases" time="13.479" classname="PageTestCases.LoginPage_TestCases"/>
</testsuite> <!-- PageTestCases.LoginPage_TestCases -->
