<?xml version="1.0" encoding="UTF-8"?>
<!-- Generated by org.testng.reporters.JUnitReportReporter -->
<testsuite hostname="DESKTOP-DVEOUHU" name="Facebook.AutomateTest.LoginTest" tests="1" failures="0" timestamp="30 May 2019 09:10:09 GMT" time="7.296" errors="0">
  <testcase name="email" time="7.296" classname="Facebook.AutomateTest.LoginTest"/>
</testsuite> <!-- Facebook.AutomateTest.LoginTest -->
