<?xml version="1.0" encoding="UTF-8"?>
<!-- Generated by org.testng.reporters.JUnitReportReporter -->
<testsuite hostname="DESKTOP-DVEOUHU" name="PageTestCases.HomePageTestCases" tests="1" failures="0" timestamp="7 Jun 2019 04:31:27 GMT" time="5.574" errors="0">
  <testcase name="HomePage_TestCases" time="5.574" classname="PageTestCases.HomePageTestCases"/>
</testsuite> <!-- PageTestCases.HomePageTestCases -->
