<?xml version="1.0" encoding="UTF-8"?>
<!-- Generated by org.testng.reporters.JUnitReportReporter -->
<testsuite hostname="DESKTOP-DVEOUHU" name="PageTestCases.LoginPage_TestCases" tests="1" failures="0" timestamp="7 Jun 2019 04:31:27 GMT" time="12.745" errors="0">
  <testcase name="LoginPageTestCases" time="12.745" classname="PageTestCases.LoginPage_TestCases"/>
</testsuite> <!-- PageTestCases.LoginPage_TestCases -->
