<?xml version="1.0" encoding="UTF-8"?>
<!-- Generated by org.testng.reporters.JUnitReportReporter -->
<testsuite hostname="DESKTOP-DVEOUHU" name="PageTestCases.HomePageTestCases" tests="1" failures="0" timestamp="18 Jun 2019 05:46:25 GMT" time="8.623" errors="0">
  <testcase name="HomePage_TestCases" time="8.623" classname="PageTestCases.HomePageTestCases"/>
</testsuite> <!-- PageTestCases.HomePageTestCases -->
