<?xml version="1.0" encoding="UTF-8"?>
<!-- Generated by org.testng.reporters.JUnitReportReporter -->
<testsuite hostname="DESKTOP-DVEOUHU" name="PageTestCases.LoginPage_TestCases" tests="1" failures="0" timestamp="13 Jun 2019 16:11:23 GMT" time="15.842" errors="0">
  <testcase name="LoginPageTestCases" time="15.842" classname="PageTestCases.LoginPage_TestCases"/>
</testsuite> <!-- PageTestCases.LoginPage_TestCases -->
