<?xml version="1.0" encoding="UTF-8"?>
<!-- Generated by org.testng.reporters.JUnitReportReporter -->
<testsuite hostname="DESKTOP-DVEOUHU" name="PageTestCases.LoginPageTestCases" tests="6" failures="0" timestamp="31 May 2019 13:13:27 GMT" time="10.028" errors="0">
  <testcase name="LaunchBrowser" time="6.908" classname="PageTestCases.LoginPageTestCases"/>
  <testcase name="captureScreenShot" time="0.436" classname="PageTestCases.LoginPageTestCases"/>
  <testcase name="typeEmail" time="0.106" classname="PageTestCases.LoginPageTestCases"/>
  <testcase name="clickOnLoginButton" time="2.513" classname="PageTestCases.LoginPageTestCases"/>
  <testcase name="compareTitle" time="0.010" classname="PageTestCases.LoginPageTestCases"/>
  <testcase name="typePassword" time="0.055" classname="PageTestCases.LoginPageTestCases"/>
</testsuite> <!-- PageTestCases.LoginPageTestCases -->
