<?xml version="1.0" encoding="UTF-8"?>
<!-- Generated by org.testng.reporters.JUnitReportReporter -->
<testsuite hostname="DESKTOP-DVEOUHU" name="PageTestCases.HomePage_TestCases" tests="1" failures="0" timestamp="4 Jun 2019 11:40:32 GMT" time="22.116" errors="0">
  <testcase name="HomePageTestCases" time="22.116" classname="PageTestCases.HomePage_TestCases"/>
</testsuite> <!-- PageTestCases.HomePage_TestCases -->
