<?xml version="1.0" encoding="UTF-8"?>
<!-- Generated by org.testng.reporters.JUnitReportReporter -->
<testsuite skipped="0" hostname="DESKTOP-DVEOUHU" name="PageTestCases.LoginPage_TestCases" tests="1" failures="0" timestamp="06 Jun 2019 11:56:48 GMT" time="9.161" errors="0">
  <testcase name="LoginPageTestCases" time="9.161" classname="PageTestCases.LoginPage_TestCases"/>
</testsuite> <!-- PageTestCases.LoginPage_TestCases -->
